{
  "RSpec": {
    "coverage": {
      "/Users/student/Desktop/Makers/acebook-bits-please(old)/app/helpers/album_helper.rb": [
        1,
        null
      ],
      "/Users/student/Desktop/Makers/acebook-bits-please(old)/app/helpers/albums_helper.rb": [
        1,
        null
      ],
      "/Users/student/Desktop/Makers/acebook-bits-please(old)/app/helpers/application_helper.rb": [
        null,
        null,
        1,
        null
      ],
      "/Users/student/Desktop/Makers/acebook-bits-please(old)/app/helpers/comments_helper.rb": [
        1,
        null
      ],
      "/Users/student/Desktop/Makers/acebook-bits-please(old)/app/helpers/images_helper.rb": [
        1,
        null
      ],
      "/Users/student/Desktop/Makers/acebook-bits-please(old)/app/helpers/profile_helper.rb": [
        1,
        null
      ],
      "/Users/student/Desktop/Makers/acebook-bits-please(old)/app/helpers/sessions_helper.rb": [
        1,
        null
      ],
      "/Users/student/Desktop/Makers/acebook-bits-please(old)/app/helpers/users_helper.rb": [
        1,
        null
      ],
      "/Users/student/Desktop/Makers/acebook-bits-please(old)/app/helpers/welcome_helper.rb": [
        1,
        null
      ],
      "/Users/student/Desktop/Makers/acebook-bits-please(old)/app/controllers/albums_controller.rb": [
        1,
        1,
        null,
        null,
        null,
        1,
        0,
        null,
        null,
        null,
        null,
        1,
        0,
        0,
        null,
        null,
        null,
        null,
        null,
        1,
        0,
        null,
        null,
        null,
        1,
        null,
        null,
        null,
        null,
        1,
        0,
        null,
        0,
        0,
        0,
        0,
        null,
        0,
        0,
        null,
        null,
        null,
        null,
        null,
        null,
        1,
        0,
        0,
        0,
        0,
        null,
        0,
        0,
        null,
        null,
        null,
        null,
        null,
        null,
        1,
        0,
        0,
        null,
        null,
        1,
        null,
        1,
        0,
        null,
        null,
        null,
        1,
        0,
        null,
        null
      ],
      "/Users/student/Desktop/Makers/acebook-bits-please(old)/app/controllers/application_controller.rb": [
        null,
        null,
        1,
        1,
        1,
        1,
        null,
        1,
        444,
        443,
        null,
        1,
        null,
        null,
        null,
        1,
        null,
        1,
        107,
        1,
        null,
        null,
        null,
        null
      ],
      "/Users/student/Desktop/Makers/acebook-bits-please(old)/app/controllers/images_controller.rb": [
        1,
        1,
        0,
        0,
        0,
        null,
        null
      ],
      "/Users/student/Desktop/Makers/acebook-bits-please(old)/app/controllers/posts_controller.rb": [
        1,
        1,
        0,
        null,
        null,
        1,
        19,
        null,
        19,
        18,
        null,
        1,
        null,
        null,
        null,
        null,
        null,
        null,
        null,
        null,
        null,
        null,
        null,
        1,
        66,
        66,
        null,
        null,
        null,
        1,
        1,
        null,
        null,
        1,
        1,
        1,
        1,
        null,
        null,
        1,
        1,
        1,
        1,
        null,
        null,
        1,
        null,
        1,
        19,
        null,
        null,
        null
      ],
      "/Users/student/Desktop/Makers/acebook-bits-please(old)/app/controllers/sessions_controller.rb": [
        1,
        1,
        1,
        null,
        null,
        1,
        33,
        null,
        33,
        31,
        31,
        null,
        null,
        2,
        null,
        null,
        null,
        null,
        null,
        1,
        7,
        7,
        null,
        null
      ],
      "/Users/student/Desktop/Makers/acebook-bits-please(old)/app/controllers/users_controller.rb": [
        1,
        1,
        1,
        null,
        null,
        null,
        1,
        1,
        null,
        null,
        null,
        null,
        1,
        null,
        null,
        null,
        1,
        45,
        null,
        null,
        null,
        1,
        null,
        null,
        null,
        null,
        1,
        41,
        null,
        41,
        41,
        68,
        null,
        null,
        14,
        7,
        null,
        null,
        null,
        null,
        null,
        null,
        1,
        0,
        0,
        0,
        0,
        null,
        0,
        0,
        null,
        null,
        null,
        null,
        null,
        null,
        1,
        0,
        0,
        0,
        0,
        null,
        null,
        null,
        1,
        null,
        1,
        0,
        null,
        null,
        null,
        1,
        41,
        null,
        null
      ],
      "/Users/student/Desktop/Makers/acebook-bits-please(old)/app/controllers/welcome_controller.rb": [
        1,
        1,
        1,
        null,
        null
      ],
      "/Users/student/Desktop/Makers/acebook-bits-please(old)/app/models/album.rb": [
        1,
        1,
        1,
        1,
        1,
        null,
        1,
        0,
        null,
        null,
        1,
        null,
        1,
        0,
        0,
        null,
        null,
        0,
        0,
        0,
        null,
        null,
        null,
        null,
        null
      ],
      "/Users/student/Desktop/Makers/acebook-bits-please(old)/app/models/application_record.rb": [
        null,
        null,
        1,
        1,
        null
      ],
      "/Users/student/Desktop/Makers/acebook-bits-please(old)/app/models/post.rb": [
        null,
        null,
        1,
        1,
        1,
        1,
        null,
        1,
        33,
        null,
        null,
        null
      ],
      "/Users/student/Desktop/Makers/acebook-bits-please(old)/app/models/user.rb": [
        1,
        1,
        1,
        1,
        1,
        1,
        1,
        1,
        1,
        1,
        1,
        null,
        null
      ],
      "/Users/student/Desktop/Makers/acebook-bits-please(old)/app/controllers/profile_controller.rb": [
        1,
        null,
        1,
        2,
        2,
        2,
        2,
        null,
        null,
        1,
        0,
        0,
        0,
        null,
        null
      ],
      "/Users/student/Desktop/Makers/acebook-bits-please(old)/app/models/comment.rb": [
        1,
        1,
        1,
        1,
        null,
        1,
        11,
        null,
        null,
        null
      ],
      "/Users/student/Desktop/Makers/acebook-bits-please(old)/app/controllers/comments_controller.rb": [
        1,
        null,
        1,
        10,
        10,
        10,
        9,
        null,
        1,
        null,
        null,
        null,
        null,
        1,
        2,
        2,
        2,
        null,
        null,
        1,
        2,
        null,
        null,
        1,
        2,
        2,
        2,
        null,
        null
      ],
      "/Users/student/Desktop/Makers/acebook-bits-please(old)/app/mailers/application_mailer.rb": [
        0,
        0,
        0,
        0,
        0,
        0
      ],
      "/Users/student/Desktop/Makers/acebook-bits-please(old)/app/jobs/application_job.rb": [
        0,
        0,
        0,
        0
      ],
      "/Users/student/Desktop/Makers/acebook-bits-please(old)/app/channels/application_cable/connection.rb": [
        0,
        0,
        0,
        0,
        0,
        0
      ],
      "/Users/student/Desktop/Makers/acebook-bits-please(old)/app/channels/application_cable/channel.rb": [
        0,
        0,
        0,
        0,
        0,
        0
      ]
    },

    "timestamp": 1594381013

  }
}
